<?xml version="1.0" encoding="UTF-8"?>
<testng-results skipped="0" failed="0" total="1" passed="1">
  <reporter-output>
  </reporter-output>
  <suite name="Default suite" duration-ms="10200" started-at="2020-12-14T05:24:20Z" finished-at="2020-12-14T05:24:30Z">
    <groups>
    </groups>
    <test name="Default test" duration-ms="10200" started-at="2020-12-14T05:24:20Z" finished-at="2020-12-14T05:24:30Z">
      <class name="com.jenkins.selenium.NewTest">
        <test-method status="PASS" signature="beforeClass()[pri:0, instance:com.jenkins.selenium.NewTest@6646153]" name="beforeClass" is-config="true" duration-ms="7262" started-at="2020-12-14T10:54:20Z" finished-at="2020-12-14T10:54:27Z">
          <reporter-output>
          </reporter-output>
        </test-method> <!-- beforeClass -->
        <test-method status="PASS" signature="openwebsite()[pri:0, instance:com.jenkins.selenium.NewTest@6646153]" name="openwebsite" duration-ms="1707" started-at="2020-12-14T10:54:27Z" finished-at="2020-12-14T10:54:29Z">
          <reporter-output>
          </reporter-output>
        </test-method> <!-- openwebsite -->
        <test-method status="PASS" signature="afterClass()[pri:0, instance:com.jenkins.selenium.NewTest@6646153]" name="afterClass" is-config="true" duration-ms="1207" started-at="2020-12-14T10:54:29Z" finished-at="2020-12-14T10:54:30Z">
          <reporter-output>
          </reporter-output>
        </test-method> <!-- afterClass -->
      </class> <!-- com.jenkins.selenium.NewTest -->
    </test> <!-- Default test -->
  </suite> <!-- Default suite -->
</testng-results>
