<?xml version="1.0" encoding="UTF-8"?>
<testng-results skipped="0" failed="0" total="1" passed="1">
  <reporter-output>
  </reporter-output>
  <suite name="Default suite" duration-ms="11911" started-at="2020-12-13T12:18:16Z" finished-at="2020-12-13T12:18:28Z">
    <groups>
    </groups>
    <test name="Default test" duration-ms="11911" started-at="2020-12-13T12:18:16Z" finished-at="2020-12-13T12:18:28Z">
      <class name="com.jenkins.selenium.NewTest">
        <test-method status="PASS" signature="beforeClass()[pri:0, instance:com.jenkins.selenium.NewTest@6646153]" name="beforeClass" is-config="true" duration-ms="7652" started-at="2020-12-13T17:48:16Z" finished-at="2020-12-13T17:48:23Z">
          <reporter-output>
          </reporter-output>
        </test-method> <!-- beforeClass -->
        <test-method status="PASS" signature="openMyBlog()[pri:0, instance:com.jenkins.selenium.NewTest@6646153]" name="openMyBlog" duration-ms="3056" started-at="2020-12-13T17:48:23Z" finished-at="2020-12-13T17:48:26Z">
          <reporter-output>
          </reporter-output>
        </test-method> <!-- openMyBlog -->
        <test-method status="PASS" signature="afterClass()[pri:0, instance:com.jenkins.selenium.NewTest@6646153]" name="afterClass" is-config="true" duration-ms="1182" started-at="2020-12-13T17:48:26Z" finished-at="2020-12-13T17:48:28Z">
          <reporter-output>
          </reporter-output>
        </test-method> <!-- afterClass -->
      </class> <!-- com.jenkins.selenium.NewTest -->
    </test> <!-- Default test -->
  </suite> <!-- Default suite -->
</testng-results>
